Arguments: 
  C:\Program Files\nodejs\node.exe C:\Program Files (x86)\Yarn\bin\yarn.js add frame-motion

PATH: 
  C:\Program Files (x86)\Common Files\Oracle\Java\javapath;C:\Program Files\Common Files\Oracle\Java\javapath;C:\WINDOWS\system32;C:\WINDOWS;C:\WINDOWS\System32\Wbem;C:\WINDOWS\System32\WindowsPowerShell\v1.0\;C:\WINDOWS\System32\OpenSSH\;C:\Program Files\nodejs\;C:\Program Files\Java\jdk-15.0.1\bin;C:\Program Files\Docker\Docker\resources\bin;C:\ProgramData\DockerDesktop\version-bin;C:\Program Files\Git\cmd;C:\Program Files (x86)\Yarn\bin\;C:\src\flutter\bin;C:\Program Files\Java\jdk-16\bin;C:\Users\Thanida\AppData\Local\Android\Sdk;C:\Users\Thanida\AppData\Local\Microsoft\WindowsApps;C:\Users\Thanida\AppData\Local\Programs\Microsoft VS Code\bin;C:\Users\Thanida\AppData\Roaming\npm;C:\Users\Thanida\AppData\Local\Yarn\bin;C:\xampp\php;C:\Users\Thanida\AppData\Local\ComposerSetup\bin;C:\Users\Thanida\AppData\Roaming\Composer\vendor\bin;C:\src\flutter\bin;C:\Program Files\Java\jdk-16\bin;C:\Users\Thanida\AppData\Local\Android\Sdk;

Yarn version: 
  1.22.5

Node version: 
  14.15.4

Platform: 
  win32 x64

Trace: 
  Error: https://registry.yarnpkg.com/frame-motion: Not found
      at Request.params.callback [as _callback] (C:\Program Files (x86)\Yarn\lib\cli.js:66097:18)
      at Request.self.callback (C:\Program Files (x86)\Yarn\lib\cli.js:140749:22)
      at Request.emit (events.js:315:20)
      at Request.<anonymous> (C:\Program Files (x86)\Yarn\lib\cli.js:141721:10)
      at Request.emit (events.js:315:20)
      at IncomingMessage.<anonymous> (C:\Program Files (x86)\Yarn\lib\cli.js:141643:12)
      at Object.onceWrapper (events.js:421:28)
      at IncomingMessage.emit (events.js:327:22)
      at endReadableNT (internal/streams/readable.js:1327:12)
      at processTicksAndRejections (internal/process/task_queues.js:80:21)

npm manifest: 
  No manifest

yarn manifest: 
  No manifest

Lockfile: 
  No lockfile
